2025-12-16 16:34:26,828 [INFO] Se descartó un mensaje sin texto visible (data-id=false_120363418492763014@g.us_3EB0AE01D9D06FA5E392B1_162797111505060@lid)
2025-12-16 16:34:27,372 [INFO] Se descartó un mensaje sin texto visible (data-id=false_120363418492763014@g.us_3EB0B913B532E6841599AD_130069209026668@lid)
2025-12-16 16:34:27,871 [INFO] Se descartó un mensaje sin texto visible (data-id=false_120363418492763014@g.us_3EB00F31BDA7D120C04B15_162797111505060@lid)
2025-12-16 16:34:28,340 [INFO] Se descartó un mensaje sin texto visible (data-id=false_120363418492763014@g.us_3EB0DB8AF2E862A9D0B7AF_130069209026668@lid)
2025-12-16 16:34:28,828 [INFO] Se descartó un mensaje sin texto visible (data-id=false_120363418492763014@g.us_3EB0F753852A5EF3C136FD_162797111505060@lid)
2025-12-16 16:34:29,315 [INFO] Se descartó un mensaje sin texto visible (data-id=false_120363418492763014@g.us_3EB0E147510BF7890FEBB3_162797111505060@lid)
2025-12-16 16:34:29,790 [INFO] Se descartó un mensaje sin texto visible (data-id=false_120363418492763014@g.us_3EB049C9A5D7CBF54952CD_162797111505060@lid)
2025-12-16 16:34:30,262 [INFO] Se descartó un mensaje sin texto visible (data-id=false_120363418492763014@g.us_3EB071A78913A8CE4FCD41_162797111505060@lid)
2025-12-16 16:34:30,751 [INFO] Se descartó un mensaje sin texto visible (data-id=false_120363418492763014@g.us_3EB0C9F8CEA4E70485EE52_162797111505060@lid)
2025-12-16 16:34:31,234 [INFO] Se descartó un mensaje sin texto visible (data-id=false_120363418492763014@g.us_3EB04A18CC0C70300925EA_130069209026668@lid)
2025-12-16 16:34:33,418 [INFO] Se descartó un mensaje sin comprobante adjunto (data-id=false_120363418492763014@g.us_3EB0AE01D9D06FA5E392B1_162797111505060@lid)
2025-12-16 16:34:34,131 [INFO] Se descartó un mensaje sin texto visible (data-id=false_120363418492763014@g.us_3EB0DC63CD3A83BC1630E2_130069209026668@lid)
2025-12-16 16:34:34,656 [INFO] Se descartó un mensaje sin texto visible (data-id=false_120363418492763014@g.us_3EB0E34EAB1DA967B6272F_130069209026668@lid)
2025-12-16 16:34:35,151 [INFO] Se descartó un mensaje sin texto visible (data-id=false_120363418492763014@g.us_3EB0B3DF005EBFFEEFD3C5_130069209026668@lid)
2025-12-16 16:34:35,638 [INFO] Se descartó un mensaje sin texto visible (data-id=false_120363418492763014@g.us_3EB0CD447DF321487F4717_130069209026668@lid)
2025-12-16 16:34:36,098 [INFO] Se descartó un mensaje sin texto visible (data-id=false_120363418492763014@g.us_3EB0AE01D9D06FA5E392B1_162797111505060@lid)
2025-12-16 16:34:36,603 [INFO] Se descartó un mensaje sin texto visible (data-id=false_120363418492763014@g.us_3EB0B913B532E6841599AD_130069209026668@lid)
2025-12-16 16:34:37,088 [INFO] Se descartó un mensaje sin texto visible (data-id=false_120363418492763014@g.us_3EB00F31BDA7D120C04B15_162797111505060@lid)
2025-12-16 16:34:37,552 [INFO] Se descartó un mensaje sin texto visible (data-id=false_120363418492763014@g.us_3EB0DB8AF2E862A9D0B7AF_130069209026668@lid)
2025-12-16 16:34:38,008 [INFO] Se descartó un mensaje sin texto visible (data-id=false_120363418492763014@g.us_3EB0F753852A5EF3C136FD_162797111505060@lid)
2025-12-16 16:34:38,479 [INFO] Se descartó un mensaje sin texto visible (data-id=false_120363418492763014@g.us_3EB0E147510BF7890FEBB3_162797111505060@lid)
2025-12-16 16:34:38,964 [INFO] Se descartó un mensaje sin texto visible (data-id=false_120363418492763014@g.us_3EB049C9A5D7CBF54952CD_162797111505060@lid)
2025-12-16 16:34:39,594 [INFO] Se descartó un mensaje sin texto visible (data-id=false_120363418492763014@g.us_3EB071A78913A8CE4FCD41_162797111505060@lid)
2025-12-16 16:34:40,071 [INFO] Se descartó un mensaje sin texto visible (data-id=false_120363418492763014@g.us_3EB0C9F8CEA4E70485EE52_162797111505060@lid)
2025-12-16 16:34:40,540 [INFO] Se descartó un mensaje sin texto visible (data-id=false_120363418492763014@g.us_3EB04A18CC0C70300925EA_130069209026668@lid)
2025-12-16 16:34:49,112 [INFO] Se descartó un mensaje sin texto visible (data-id=false_120363418492763014@g.us_3EB069C56150E5A65525E0_162797111505060@lid)
2025-12-16 16:34:50,001 [INFO] Se descartó un mensaje sin comprobante adjunto (data-id=false_120363418492763014@g.us_3A9A602D2B2268FBA065_239234006913042@lid)
2025-12-16 16:34:50,481 [INFO] Se descartó un mensaje sin comprobante adjunto (data-id=false_120363418492763014@g.us_3A1C0A7BD329EE463771_239234006913042@lid)
2025-12-16 16:34:51,534 [INFO] Se descartó un mensaje sin comprobante adjunto (data-id=false_120363418492763014@g.us_3A7F325074AC0F8A61CD_239234006913042@lid)
2025-12-16 16:34:52,231 [INFO] Se descartó un mensaje sin texto visible (data-id=false_120363418492763014@g.us_3EB0037C322EF1C47CAFBA_114482806304966@lid)
2025-12-16 16:34:52,734 [INFO] Se descartó un mensaje sin texto visible (data-id=false_120363418492763014@g.us_3EB076508B2A0BC06C6A3F_114482806304966@lid)
2025-12-16 16:34:53,265 [INFO] Se descartó un mensaje sin texto visible (data-id=false_120363418492763014@g.us_3EB054845E6609D86FBD93_130069209026668@lid)
2025-12-16 16:34:53,793 [INFO] Se descartó un mensaje sin texto visible (data-id=false_120363418492763014@g.us_3EB01805C58F6CFB9B82B0_130069209026668@lid)
2025-12-16 16:34:54,313 [INFO] Se descartó un mensaje sin texto visible (data-id=false_120363418492763014@g.us_3EB0932B831695AEDEC501_130069209026668@lid)
2025-12-16 16:34:54,840 [INFO] Se descartó un mensaje sin texto visible (data-id=false_120363418492763014@g.us_3EB0DC63CD3A83BC1630E2_130069209026668@lid)
2025-12-16 16:34:55,359 [INFO] Se descartó un mensaje sin texto visible (data-id=false_120363418492763014@g.us_3EB0E34EAB1DA967B6272F_130069209026668@lid)
2025-12-16 16:34:55,886 [INFO] Se descartó un mensaje sin texto visible (data-id=false_120363418492763014@g.us_3EB0B3DF005EBFFEEFD3C5_130069209026668@lid)
2025-12-16 16:34:56,399 [INFO] Se descartó un mensaje sin texto visible (data-id=false_120363418492763014@g.us_3EB0CD447DF321487F4717_130069209026668@lid)
2025-12-16 16:34:56,911 [INFO] Se descartó un mensaje sin texto visible (data-id=false_120363418492763014@g.us_3EB0AE01D9D06FA5E392B1_162797111505060@lid)
2025-12-16 16:34:57,409 [INFO] Se descartó un mensaje sin texto visible (data-id=false_120363418492763014@g.us_3EB0B913B532E6841599AD_130069209026668@lid)
2025-12-16 16:34:57,941 [INFO] Se descartó un mensaje sin texto visible (data-id=false_120363418492763014@g.us_3EB00F31BDA7D120C04B15_162797111505060@lid)
2025-12-16 16:34:58,441 [INFO] Se descartó un mensaje sin texto visible (data-id=false_120363418492763014@g.us_3EB0DB8AF2E862A9D0B7AF_130069209026668@lid)
2025-12-16 16:34:58,953 [INFO] Se descartó un mensaje sin texto visible (data-id=false_120363418492763014@g.us_3EB0F753852A5EF3C136FD_162797111505060@lid)
2025-12-16 16:34:59,452 [INFO] Se descartó un mensaje sin texto visible (data-id=false_120363418492763014@g.us_3EB0E147510BF7890FEBB3_162797111505060@lid)
2025-12-16 16:34:59,952 [INFO] Se descartó un mensaje sin texto visible (data-id=false_120363418492763014@g.us_3EB049C9A5D7CBF54952CD_162797111505060@lid)
2025-12-16 16:35:00,425 [INFO] Se descartó un mensaje sin texto visible (data-id=false_120363418492763014@g.us_3EB071A78913A8CE4FCD41_162797111505060@lid)
2025-12-16 16:35:00,915 [INFO] Se descartó un mensaje sin texto visible (data-id=false_120363418492763014@g.us_3EB0C9F8CEA4E70485EE52_162797111505060@lid)
2025-12-16 16:35:01,418 [INFO] Se descartó un mensaje sin texto visible (data-id=false_120363418492763014@g.us_3EB04A18CC0C70300925EA_130069209026668@lid)
2025-12-16 16:35:03,689 [INFO] Se descartó un mensaje sin texto visible (data-id=false_120363418492763014@g.us_3EB0037C322EF1C47CAFBA_114482806304966@lid)
2025-12-16 16:35:04,228 [INFO] Se descartó un mensaje sin texto visible (data-id=false_120363418492763014@g.us_3EB076508B2A0BC06C6A3F_114482806304966@lid)
2025-12-16 16:35:04,758 [INFO] Se descartó un mensaje sin texto visible (data-id=false_120363418492763014@g.us_3EB054845E6609D86FBD93_130069209026668@lid)
2025-12-16 16:35:05,277 [INFO] Se descartó un mensaje sin texto visible (data-id=false_120363418492763014@g.us_3EB01805C58F6CFB9B82B0_130069209026668@lid)
2025-12-16 16:35:05,799 [INFO] Se descartó un mensaje sin texto visible (data-id=false_120363418492763014@g.us_3EB0932B831695AEDEC501_130069209026668@lid)
2025-12-16 16:35:06,341 [INFO] Se descartó un mensaje sin texto visible (data-id=false_120363418492763014@g.us_3EB0DC63CD3A83BC1630E2_130069209026668@lid)
2025-12-16 16:35:06,866 [INFO] Se descartó un mensaje sin texto visible (data-id=false_120363418492763014@g.us_3EB0E34EAB1DA967B6272F_130069209026668@lid)
2025-12-16 16:35:07,403 [INFO] Se descartó un mensaje sin texto visible (data-id=false_120363418492763014@g.us_3EB0B3DF005EBFFEEFD3C5_130069209026668@lid)
2025-12-16 16:35:07,927 [INFO] Se descartó un mensaje sin texto visible (data-id=false_120363418492763014@g.us_3EB0CD447DF321487F4717_130069209026668@lid)
2025-12-16 16:35:08,405 [INFO] Se descartó un mensaje sin texto visible (data-id=false_120363418492763014@g.us_3EB0AE01D9D06FA5E392B1_162797111505060@lid)
2025-12-16 16:35:08,890 [INFO] Se descartó un mensaje sin texto visible (data-id=false_120363418492763014@g.us_3EB0B913B532E6841599AD_130069209026668@lid)
2025-12-16 16:35:09,377 [INFO] Se descartó un mensaje sin texto visible (data-id=false_120363418492763014@g.us_3EB00F31BDA7D120C04B15_162797111505060@lid)
2025-12-16 16:35:09,850 [INFO] Se descartó un mensaje sin texto visible (data-id=false_120363418492763014@g.us_3EB0DB8AF2E862A9D0B7AF_130069209026668@lid)
2025-12-16 16:35:10,323 [INFO] Se descartó un mensaje sin texto visible (data-id=false_120363418492763014@g.us_3EB0F753852A5EF3C136FD_162797111505060@lid)
2025-12-16 16:35:10,804 [INFO] Se descartó un mensaje sin texto visible (data-id=false_120363418492763014@g.us_3EB0E147510BF7890FEBB3_162797111505060@lid)
2025-12-16 16:35:11,306 [INFO] Se descartó un mensaje sin texto visible (data-id=false_120363418492763014@g.us_3EB049C9A5D7CBF54952CD_162797111505060@lid)
2025-12-16 16:35:11,775 [INFO] Se descartó un mensaje sin texto visible (data-id=false_120363418492763014@g.us_3EB071A78913A8CE4FCD41_162797111505060@lid)
2025-12-16 16:35:12,272 [INFO] Se descartó un mensaje sin texto visible (data-id=false_120363418492763014@g.us_3EB0C9F8CEA4E70485EE52_162797111505060@lid)
2025-12-16 16:35:12,769 [INFO] Se descartó un mensaje sin texto visible (data-id=false_120363418492763014@g.us_3EB04A18CC0C70300925EA_130069209026668@lid)
2025-12-16 16:35:15,127 [INFO] Se descartó un mensaje sin texto visible (data-id=false_120363418492763014@g.us_3EB0037C322EF1C47CAFBA_114482806304966@lid)
2025-12-16 16:35:15,692 [INFO] Se descartó un mensaje sin texto visible (data-id=false_120363418492763014@g.us_3EB076508B2A0BC06C6A3F_114482806304966@lid)
2025-12-16 16:35:16,227 [INFO] Se descartó un mensaje sin texto visible (data-id=false_120363418492763014@g.us_3EB054845E6609D86FBD93_130069209026668@lid)
2025-12-16 16:35:16,743 [INFO] Se descartó un mensaje sin texto visible (data-id=false_120363418492763014@g.us_3EB01805C58F6CFB9B82B0_130069209026668@lid)
2025-12-16 16:35:17,265 [INFO] Se descartó un mensaje sin texto visible (data-id=false_120363418492763014@g.us_3EB0932B831695AEDEC501_130069209026668@lid)
2025-12-16 16:35:17,780 [INFO] Se descartó un mensaje sin texto visible (data-id=false_120363418492763014@g.us_3EB0DC63CD3A83BC1630E2_130069209026668@lid)
2025-12-16 16:35:18,290 [INFO] Se descartó un mensaje sin texto visible (data-id=false_120363418492763014@g.us_3EB0E34EAB1DA967B6272F_130069209026668@lid)
2025-12-16 16:35:18,822 [INFO] Se descartó un mensaje sin texto visible (data-id=false_120363418492763014@g.us_3EB0B3DF005EBFFEEFD3C5_130069209026668@lid)
2025-12-16 16:35:19,319 [INFO] Se descartó un mensaje sin texto visible (data-id=false_120363418492763014@g.us_3EB0CD447DF321487F4717_130069209026668@lid)
2025-12-16 16:35:19,822 [INFO] Se descartó un mensaje sin texto visible (data-id=false_120363418492763014@g.us_3EB0AE01D9D06FA5E392B1_162797111505060@lid)
2025-12-16 16:35:20,307 [INFO] Se descartó un mensaje sin texto visible (data-id=false_120363418492763014@g.us_3EB0B913B532E6841599AD_130069209026668@lid)
2025-12-16 16:35:20,799 [INFO] Se descartó un mensaje sin texto visible (data-id=false_120363418492763014@g.us_3EB00F31BDA7D120C04B15_162797111505060@lid)
2025-12-16 16:35:21,300 [INFO] Se descartó un mensaje sin texto visible (data-id=false_120363418492763014@g.us_3EB0DB8AF2E862A9D0B7AF_130069209026668@lid)
2025-12-16 16:35:21,786 [INFO] Se descartó un mensaje sin texto visible (data-id=false_120363418492763014@g.us_3EB0F753852A5EF3C136FD_162797111505060@lid)
2025-12-16 16:35:22,256 [INFO] Se descartó un mensaje sin texto visible (data-id=false_120363418492763014@g.us_3EB0E147510BF7890FEBB3_162797111505060@lid)
2025-12-16 16:35:22,732 [INFO] Se descartó un mensaje sin texto visible (data-id=false_120363418492763014@g.us_3EB049C9A5D7CBF54952CD_162797111505060@lid)
2025-12-16 16:35:23,201 [INFO] Se descartó un mensaje sin texto visible (data-id=false_120363418492763014@g.us_3EB071A78913A8CE4FCD41_162797111505060@lid)
2025-12-16 16:35:23,671 [INFO] Se descartó un mensaje sin texto visible (data-id=false_120363418492763014@g.us_3EB0C9F8CEA4E70485EE52_162797111505060@lid)
2025-12-16 16:35:24,145 [INFO] Se descartó un mensaje sin texto visible (data-id=false_120363418492763014@g.us_3EB04A18CC0C70300925EA_130069209026668@lid)
2025-12-16 16:35:26,361 [INFO] Se descartó un mensaje sin texto visible (data-id=false_120363418492763014@g.us_3EB0037C322EF1C47CAFBA_114482806304966@lid)
2025-12-16 16:35:26,924 [INFO] Se descartó un mensaje sin texto visible (data-id=false_120363418492763014@g.us_3EB076508B2A0BC06C6A3F_114482806304966@lid)
2025-12-16 16:35:27,429 [INFO] Se descartó un mensaje sin texto visible (data-id=false_120363418492763014@g.us_3EB054845E6609D86FBD93_130069209026668@lid)
2025-12-16 16:35:27,983 [INFO] Se descartó un mensaje sin texto visible (data-id=false_120363418492763014@g.us_3EB01805C58F6CFB9B82B0_130069209026668@lid)
2025-12-16 16:35:28,516 [INFO] Se descartó un mensaje sin texto visible (data-id=false_120363418492763014@g.us_3EB0932B831695AEDEC501_130069209026668@lid)
2025-12-16 16:35:29,025 [INFO] Se descartó un mensaje sin texto visible (data-id=false_120363418492763014@g.us_3EB0DC63CD3A83BC1630E2_130069209026668@lid)
2025-12-16 16:35:29,531 [INFO] Se descartó un mensaje sin texto visible (data-id=false_120363418492763014@g.us_3EB0E34EAB1DA967B6272F_130069209026668@lid)
2025-12-16 16:35:30,049 [INFO] Se descartó un mensaje sin texto visible (data-id=false_120363418492763014@g.us_3EB0B3DF005EBFFEEFD3C5_130069209026668@lid)
2025-12-16 16:35:30,536 [INFO] Se descartó un mensaje sin texto visible (data-id=false_120363418492763014@g.us_3EB0CD447DF321487F4717_130069209026668@lid)
2025-12-16 16:35:32,073 [INFO] Se descartó un mensaje sin texto visible (data-id=false_120363418492763014@g.us_3EB0AE01D9D06FA5E392B1_162797111505060@lid)
2025-12-16 16:35:32,551 [INFO] Se descartó un mensaje sin texto visible (data-id=false_120363418492763014@g.us_3EB0B913B532E6841599AD_130069209026668@lid)
2025-12-16 16:35:33,007 [INFO] Se descartó un mensaje sin texto visible (data-id=false_120363418492763014@g.us_3EB00F31BDA7D120C04B15_162797111505060@lid)
2025-12-16 16:35:33,480 [INFO] Se descartó un mensaje sin texto visible (data-id=false_120363418492763014@g.us_3EB0DB8AF2E862A9D0B7AF_130069209026668@lid)
2025-12-16 16:35:33,974 [INFO] Se descartó un mensaje sin texto visible (data-id=false_120363418492763014@g.us_3EB0F753852A5EF3C136FD_162797111505060@lid)
2025-12-16 16:35:34,440 [INFO] Se descartó un mensaje sin texto visible (data-id=false_120363418492763014@g.us_3EB0E147510BF7890FEBB3_162797111505060@lid)
2025-12-16 16:35:34,933 [INFO] Se descartó un mensaje sin texto visible (data-id=false_120363418492763014@g.us_3EB049C9A5D7CBF54952CD_162797111505060@lid)
2025-12-16 16:35:35,431 [INFO] Se descartó un mensaje sin texto visible (data-id=false_120363418492763014@g.us_3EB071A78913A8CE4FCD41_162797111505060@lid)
2025-12-16 16:35:35,917 [INFO] Se descartó un mensaje sin texto visible (data-id=false_120363418492763014@g.us_3EB0C9F8CEA4E70485EE52_162797111505060@lid)
2025-12-16 16:35:36,411 [INFO] Se descartó un mensaje sin texto visible (data-id=false_120363418492763014@g.us_3EB04A18CC0C70300925EA_130069209026668@lid)
2025-12-16 16:35:38,603 [INFO] Se descartó un mensaje sin texto visible (data-id=false_120363418492763014@g.us_3EB0037C322EF1C47CAFBA_114482806304966@lid)
2025-12-16 16:35:39,150 [INFO] Se descartó un mensaje sin texto visible (data-id=false_120363418492763014@g.us_3EB076508B2A0BC06C6A3F_114482806304966@lid)
2025-12-16 16:35:39,736 [INFO] Se descartó un mensaje sin texto visible (data-id=false_120363418492763014@g.us_3EB054845E6609D86FBD93_130069209026668@lid)
2025-12-16 16:35:40,291 [INFO] Se descartó un mensaje sin texto visible (data-id=false_120363418492763014@g.us_3EB01805C58F6CFB9B82B0_130069209026668@lid)
2025-12-16 16:35:40,811 [INFO] Se descartó un mensaje sin texto visible (data-id=false_120363418492763014@g.us_3EB0932B831695AEDEC501_130069209026668@lid)
2025-12-16 16:35:41,347 [INFO] Se descartó un mensaje sin texto visible (data-id=false_120363418492763014@g.us_3EB0DC63CD3A83BC1630E2_130069209026668@lid)
2025-12-16 16:35:47,162 [INFO] Se descartó un mensaje sin texto visible (data-id=false_120363418492763014@g.us_3EB0E34EAB1DA967B6272F_130069209026668@lid)
2025-12-16 16:35:47,647 [INFO] Se descartó un mensaje sin texto visible (data-id=false_120363418492763014@g.us_3EB0B3DF005EBFFEEFD3C5_130069209026668@lid)
2025-12-16 16:35:48,131 [INFO] Se descartó un mensaje sin texto visible (data-id=false_120363418492763014@g.us_3EB0CD447DF321487F4717_130069209026668@lid)
2025-12-16 16:35:48,644 [INFO] Se descartó un mensaje sin texto visible (data-id=false_120363418492763014@g.us_3EB0AE01D9D06FA5E392B1_162797111505060@lid)
2025-12-16 16:35:49,135 [INFO] Se descartó un mensaje sin texto visible (data-id=false_120363418492763014@g.us_3EB0B913B532E6841599AD_130069209026668@lid)
2025-12-16 16:35:49,619 [INFO] Se descartó un mensaje sin texto visible (data-id=false_120363418492763014@g.us_3EB00F31BDA7D120C04B15_162797111505060@lid)
2025-12-16 16:35:50,115 [INFO] Se descartó un mensaje sin texto visible (data-id=false_120363418492763014@g.us_3EB0DB8AF2E862A9D0B7AF_130069209026668@lid)
2025-12-16 16:35:50,594 [INFO] Se descartó un mensaje sin texto visible (data-id=false_120363418492763014@g.us_3EB0F753852A5EF3C136FD_162797111505060@lid)
2025-12-16 16:35:51,068 [INFO] Se descartó un mensaje sin texto visible (data-id=false_120363418492763014@g.us_3EB0E147510BF7890FEBB3_162797111505060@lid)
2025-12-16 16:35:51,548 [INFO] Se descartó un mensaje sin texto visible (data-id=false_120363418492763014@g.us_3EB049C9A5D7CBF54952CD_162797111505060@lid)
2025-12-16 16:35:52,079 [INFO] Se descartó un mensaje sin texto visible (data-id=false_120363418492763014@g.us_3EB071A78913A8CE4FCD41_162797111505060@lid)
2025-12-16 16:35:52,686 [INFO] Se descartó un mensaje sin texto visible (data-id=false_120363418492763014@g.us_3EB0C9F8CEA4E70485EE52_162797111505060@lid)
2025-12-16 16:35:53,361 [INFO] Se descartó un mensaje sin texto visible (data-id=false_120363418492763014@g.us_3EB04A18CC0C70300925EA_130069209026668@lid)
